0 info it worked if it ends with ok
1 verbose cli [ '/usr/bin/node',
1 verbose cli   '/usr/bin/npm',
1 verbose cli   'run',
1 verbose cli   'test-single',
1 verbose cli   'specs/collectionOperator/collect_all_even_spec.js' ]
2 info using npm@3.5.2
3 info using node@v8.10.0
4 verbose run-script [ 'pretest-single', 'test-single', 'posttest-single' ]
5 info lifecycle @~pretest-single: @
6 silly lifecycle @~pretest-single: no script for pretest-single, continuing
7 info lifecycle @~test-single: @
8 verbose lifecycle @~test-single: unsafe-perm in lifecycle true
9 verbose lifecycle @~test-single: PATH: /usr/share/npm/bin/node-gyp-bin:/home/daniel/school/js/2018-10-31-06-34-59-1540967699/node_modules/.bin:/usr/local/sbin:/usr/local/bin:/usr/sbin:/usr/bin:/sbin:/bin:/usr/games:/usr/local/games:/snap/bin
10 verbose lifecycle @~test-single: CWD: /home/daniel/school/js/2018-10-31-06-34-59-1540967699
11 silly lifecycle @~test-single: Args: [ '-c',
11 silly lifecycle   'jasmine-node --verbose  "specs/collectionOperator/collect_all_even_spec.js"' ]
12 info lifecycle @~test-single: Failed to exec test-single script
13 verbose stack Error: @ test-single: `jasmine-node --verbose  "specs/collectionOperator/collect_all_even_spec.js"`
13 verbose stack spawn ENOENT
13 verbose stack     at ChildProcess.<anonymous> (/usr/share/npm/lib/utils/spawn.js:17:16)
13 verbose stack     at emitTwo (events.js:126:13)
13 verbose stack     at ChildProcess.emit (events.js:214:7)
13 verbose stack     at maybeClose (internal/child_process.js:925:16)
13 verbose stack     at Process.ChildProcess._handle.onexit (internal/child_process.js:209:5)
14 verbose pkgid @
15 verbose cwd /home/daniel/school/js/2018-10-31-06-34-59-1540967699/spec/collectionOperator
16 error Linux 4.15.0-48-generic
17 error argv "/usr/bin/node" "/usr/bin/npm" "run" "test-single" "specs/collectionOperator/collect_all_even_spec.js"
18 error node v8.10.0
19 error npm  v3.5.2
20 error file sh
21 error code ELIFECYCLE
22 error errno ENOENT
23 error syscall spawn
24 error @ test-single: `jasmine-node --verbose  "specs/collectionOperator/collect_all_even_spec.js"`
24 error spawn ENOENT
25 error Failed at the @ test-single script 'jasmine-node --verbose  "specs/collectionOperator/collect_all_even_spec.js"'.
25 error Make sure you have the latest version of node.js and npm installed.
25 error If you do, this is most likely a problem with the  package,
25 error not with npm itself.
25 error Tell the author that this fails on your system:
25 error     jasmine-node --verbose  "specs/collectionOperator/collect_all_even_spec.js"
25 error You can get information on how to open an issue for this project with:
25 error     npm bugs
25 error Or if that isn't available, you can get their info via:
25 error     npm owner ls
25 error There is likely additional logging output above.
26 verbose exit [ 1, true ]
